[debug] > Exec(early(addDefaultCommands), None, None)
[debug] > Exec(addDefaultCommands, None, None)
[debug] > Exec(early(initialize), None, None)
[debug] > Exec(initialize, None, None)
[debug] > Exec(boot, None, None)
[debug] > Exec(writeSbtVersion, None, None)
[debug] > Exec(reload, None, None)
[debug] > Exec(sbtStashOnFailure, None, None)
[debug] > Exec(onFailure loadFailed, None, None)
[debug] > Exec(loadp, None, None)
[info] welcome to sbt 1.8.2 (Red Hat, Inc. Java 17.0.6)
[debug] Load.defaultLoad until apply took 52.072234ms
[debug]           Load.loadUnit: plugins took 45.721141ms
[debug]           Load.loadUnit: defsScala took 0.237419ms
[debug] [Loading] Scanning directory /home/mathieuacher/Downloads/testAssoc/scala/project
[debug] [Loading] Found non-root projects 
[debug] [Loading] Done in /home/mathieuacher/Downloads/testAssoc/scala/project, returning: ()
[debug] deducing auto plugins based on known facts Set(Atom(sbt.plugins.CorePlugin)) and clauses Clauses(Clause(Atom(sbt.plugins.JvmPlugin),Set(Atom(sbt.plugins.IvyPlugin)))
[debug] Clause(Atom(sbt.ScriptedPlugin),Set(Atom(sbt.plugins.JvmPlugin)))
[debug] Clause(Atom(sbt.plugins.SbtPlugin),Set(Atom(sbt.ScriptedPlugin)))
[debug] Clause(Atom(sbt.plugins.SemanticdbPlugin),Set(Atom(sbt.plugins.JvmPlugin)))
[debug] Clause(Atom(sbt.plugins.JUnitXmlReportPlugin),Set(Atom(sbt.plugins.JvmPlugin)))
[debug] Clause(Atom(sbt.plugins.MiniDependencyTreePlugin),Set(Atom(sbt.plugins.JvmPlugin)))
[debug] Clause(Atom(sbt.plugins.CorePlugin),Set(Atom(sbt.plugins.IvyPlugin)))
[debug] Clause(Atom(sbt.plugins.IvyPlugin),Set(Atom(sbt.plugins.JvmPlugin)))
[debug] Clause(Atom(sbt.plugins.JvmPlugin),Set(Atom(sbt.plugins.SemanticdbPlugin)))
[debug] Clause(Atom(sbt.plugins.JvmPlugin),Set(Atom(sbt.plugins.JUnitXmlReportPlugin)))
[debug] Clause(Atom(sbt.plugins.CorePlugin),Set(Atom(sbt.plugins.Giter8TemplatePlugin)))
[debug] Clause(Atom(sbt.plugins.JvmPlugin),Set(Atom(sbt.plugins.MiniDependencyTreePlugin))))
[debug]   :: deduced result: Matched(sbt.plugins.CorePlugin,sbt.plugins.Giter8TemplatePlugin,sbt.plugins.IvyPlugin,sbt.plugins.JvmPlugin,sbt.plugins.MiniDependencyTreePlugin,sbt.plugins.JUnitXmlReportPlugin,sbt.plugins.SemanticdbPlugin)
[debug] Plugins.deducer#function took 15.925992 ms
[debug]               Load.resolveProject(scala-build) took 39.935912ms
[debug]             Load.loadTransitive: finalizeProject(Project(id scala-build, base: /home/mathieuacher/Downloads/testAssoc/scala/project, plugins: List(<none>))) took 72.593284ms
[debug] [Loading] Done in /home/mathieuacher/Downloads/testAssoc/scala/project, returning: (scala-build)
[debug]           Load.loadUnit: loadedProjectsRaw took 88.800945ms
[debug]           Load.loadUnit: cleanEvalClasses took 0.197786ms
[debug]         Load.loadUnit(file:/home/mathieuacher/Downloads/testAssoc/scala/project/, ...) took 139.849638ms
[debug]       Load.apply: load took 295.500512ms
[debug]       Load.apply: resolveProjects took 18.263272ms
[debug]       Load.apply: finalTransforms took 111.297962ms
[debug]       Load.apply: config.delegates took 9.163344ms
[debug]       Load.apply: Def.make(settings)... took 458.198166ms
[debug]       Load.apply: structureIndex took 74.823361ms
[debug]       Load.apply: mkStreams took 1.03983ms
[info] loading project definition from /home/mathieuacher/Downloads/testAssoc/scala/project
[debug] Running task... Cancel: Signal, check cycles: false, forcegc: true
[debug]     Load.loadUnit: plugins took 2069.264689ms
[debug]     Load.loadUnit: defsScala took 0.003174ms
[debug] [Loading] Scanning directory /home/mathieuacher/Downloads/testAssoc/scala
[debug]       Load.loadUnit: mkEval took 4.022514ms
[debug] [Loading] Found non-root projects 
[debug] [Loading] Done in /home/mathieuacher/Downloads/testAssoc/scala, returning: ()
[debug] deducing auto plugins based on known facts Set(Atom(sbt.plugins.CorePlugin)) and clauses Clauses(Clause(Atom(sbt.plugins.JvmPlugin),Set(Atom(sbt.plugins.IvyPlugin)))
[debug] Clause(Atom(sbt.ScriptedPlugin),Set(Atom(sbt.plugins.JvmPlugin)))
[debug] Clause(Atom(sbt.plugins.SbtPlugin),Set(Atom(sbt.ScriptedPlugin)))
[debug] Clause(Atom(sbt.plugins.SemanticdbPlugin),Set(Atom(sbt.plugins.JvmPlugin)))
[debug] Clause(Atom(sbt.plugins.JUnitXmlReportPlugin),Set(Atom(sbt.plugins.JvmPlugin)))
[debug] Clause(Atom(sbt.plugins.MiniDependencyTreePlugin),Set(Atom(sbt.plugins.JvmPlugin)))
[debug] Clause(Atom(sbt.plugins.CorePlugin),Set(Atom(sbt.plugins.IvyPlugin)))
[debug] Clause(Atom(sbt.plugins.IvyPlugin),Set(Atom(sbt.plugins.JvmPlugin)))
[debug] Clause(Atom(sbt.plugins.JvmPlugin),Set(Atom(sbt.plugins.SemanticdbPlugin)))
[debug] Clause(Atom(sbt.plugins.JvmPlugin),Set(Atom(sbt.plugins.JUnitXmlReportPlugin)))
[debug] Clause(Atom(sbt.plugins.CorePlugin),Set(Atom(sbt.plugins.Giter8TemplatePlugin)))
[debug] Clause(Atom(sbt.plugins.JvmPlugin),Set(Atom(sbt.plugins.MiniDependencyTreePlugin))))
[debug]   :: deduced result: Matched(sbt.plugins.CorePlugin,sbt.plugins.Giter8TemplatePlugin,sbt.plugins.IvyPlugin,sbt.plugins.JvmPlugin,sbt.plugins.MiniDependencyTreePlugin,sbt.plugins.JUnitXmlReportPlugin,sbt.plugins.SemanticdbPlugin)
[debug] Plugins.deducer#function took 1.348531 ms
[info] loading settings for project scala from build.sbt ...
[debug]         Load.resolveProject(scala) took 1.94483ms
[debug]       Load.loadTransitive: finalizeProject(Project(id scala, base: /home/mathieuacher/Downloads/testAssoc/scala, plugins: List(<none>))) took 3.730633ms
[debug] [Loading] Done in /home/mathieuacher/Downloads/testAssoc/scala, returning: (scala)
[debug]     Load.loadUnit: loadedProjectsRaw took 65.564009ms
[debug]     Load.loadUnit: cleanEvalClasses took 2.891187ms
[debug]   Load.loadUnit(file:/home/mathieuacher/Downloads/testAssoc/scala/, ...) took 2139.054975ms
[debug] Load.apply: load took 2153.446334ms
[debug] Load.apply: resolveProjects took 0.094899ms
[debug] Load.apply: finalTransforms took 9.655281ms
[debug] Load.apply: config.delegates took 0.339017ms
[debug] Load.apply: Def.make(settings)... took 91.087314ms
[debug] Load.apply: structureIndex took 34.020697ms
[debug] Load.apply: mkStreams took 0.002603ms
[info] set current project to TestAssoc (in build file:/home/mathieuacher/Downloads/testAssoc/scala/)
[debug] > Exec(sbtPopOnFailure, None, None)
[debug] > Exec(resumeFromFailure, None, None)
[debug] > Exec(notifyUsersAboutShell, None, None)
[debug] > Exec(iflast shell, None, None)
[debug] > Exec(shell, None, None)
[info] sbt server started at local:///home/mathieuacher/.sbt/1.0/server/d73716f82ca6e74a8387/sock
[debug] Writing bsp connection file
[info] started sbt server
[debug] Forcing garbage collection...
