[debug] > Exec(early(addDefaultCommands), None, None)
[debug] > Exec(addDefaultCommands, None, None)
[debug] > Exec(early(initialize), None, None)
[debug] > Exec(initialize, None, None)
[debug] > Exec(boot, None, None)
[debug] > Exec(writeSbtVersion, None, None)
[debug] > Exec(reload, None, None)
[debug] > Exec(sbtStashOnFailure, None, None)
[debug] > Exec(onFailure loadFailed, None, None)
[debug] > Exec(loadp, None, None)
[info] welcome to sbt 1.8.2 (Red Hat, Inc. Java 17.0.6)
[debug] Load.defaultLoad until apply took 89.858705ms
[debug]           Load.loadUnit: plugins took 48.551219ms
[debug]           Load.loadUnit: defsScala took 0.311267ms
[debug] [Loading] Scanning directory /home/mathieuacher/Downloads/testAssoc/scala/project
[debug] [Loading] Found non-root projects 
[debug] [Loading] Done in /home/mathieuacher/Downloads/testAssoc/scala/project, returning: ()
[debug] deducing auto plugins based on known facts Set(Atom(sbt.plugins.CorePlugin)) and clauses Clauses(Clause(Atom(sbt.plugins.JvmPlugin),Set(Atom(sbt.plugins.IvyPlugin)))
[debug] Clause(Atom(sbt.ScriptedPlugin),Set(Atom(sbt.plugins.JvmPlugin)))
[debug] Clause(Atom(sbt.plugins.SbtPlugin),Set(Atom(sbt.ScriptedPlugin)))
[debug] Clause(Atom(sbt.plugins.SemanticdbPlugin),Set(Atom(sbt.plugins.JvmPlugin)))
[debug] Clause(Atom(sbt.plugins.JUnitXmlReportPlugin),Set(Atom(sbt.plugins.JvmPlugin)))
[debug] Clause(Atom(sbt.plugins.MiniDependencyTreePlugin),Set(Atom(sbt.plugins.JvmPlugin)))
[debug] Clause(Atom(sbt.plugins.CorePlugin),Set(Atom(sbt.plugins.IvyPlugin)))
[debug] Clause(Atom(sbt.plugins.IvyPlugin),Set(Atom(sbt.plugins.JvmPlugin)))
[debug] Clause(Atom(sbt.plugins.JvmPlugin),Set(Atom(sbt.plugins.SemanticdbPlugin)))
[debug] Clause(Atom(sbt.plugins.JvmPlugin),Set(Atom(sbt.plugins.JUnitXmlReportPlugin)))
[debug] Clause(Atom(sbt.plugins.CorePlugin),Set(Atom(sbt.plugins.Giter8TemplatePlugin)))
[debug] Clause(Atom(sbt.plugins.JvmPlugin),Set(Atom(sbt.plugins.MiniDependencyTreePlugin))))
[debug]   :: deduced result: Matched(sbt.plugins.CorePlugin,sbt.plugins.Giter8TemplatePlugin,sbt.plugins.IvyPlugin,sbt.plugins.JvmPlugin,sbt.plugins.MiniDependencyTreePlugin,sbt.plugins.JUnitXmlReportPlugin,sbt.plugins.SemanticdbPlugin)
[debug] Plugins.deducer#function took 25.718966 ms
[debug]               Load.resolveProject(scala-build) took 33.001577ms
[debug]             Load.loadTransitive: finalizeProject(Project(id scala-build, base: /home/mathieuacher/Downloads/testAssoc/scala/project, plugins: List(<none>))) took 75.468959ms
[debug] [Loading] Done in /home/mathieuacher/Downloads/testAssoc/scala/project, returning: (scala-build)
[debug]           Load.loadUnit: loadedProjectsRaw took 96.543535ms
[debug]           Load.loadUnit: cleanEvalClasses took 0.218091ms
[debug]         Load.loadUnit(file:/home/mathieuacher/Downloads/testAssoc/scala/project/, ...) took 151.304805ms
[debug]       Load.apply: load took 316.440322ms
[debug]       Load.apply: resolveProjects took 6.930462ms
[debug]       Load.apply: finalTransforms took 64.093463ms
[debug]       Load.apply: config.delegates took 6.442989ms
[debug]       Load.apply: Def.make(settings)... took 369.231233ms
[debug]       Load.apply: structureIndex took 80.948908ms
[debug]       Load.apply: mkStreams took 0.997573ms
[info] loading project definition from /home/mathieuacher/Downloads/testAssoc/scala/project
[debug] Running task... Cancel: Signal, check cycles: false, forcegc: true
[debug]     Load.loadUnit: plugins took 1463.07151ms
[debug]     Load.loadUnit: defsScala took 0.003441ms
[debug] [Loading] Scanning directory /home/mathieuacher/Downloads/testAssoc/scala
[debug]       Load.loadUnit: mkEval took 3.672173ms
[debug] [Loading] Found non-root projects 
[debug] [Loading] Done in /home/mathieuacher/Downloads/testAssoc/scala, returning: ()
[debug] deducing auto plugins based on known facts Set(Atom(sbt.plugins.CorePlugin)) and clauses Clauses(Clause(Atom(sbt.plugins.JvmPlugin),Set(Atom(sbt.plugins.IvyPlugin)))
[debug] Clause(Atom(sbt.ScriptedPlugin),Set(Atom(sbt.plugins.JvmPlugin)))
[debug] Clause(Atom(sbt.plugins.SbtPlugin),Set(Atom(sbt.ScriptedPlugin)))
[debug] Clause(Atom(sbt.plugins.SemanticdbPlugin),Set(Atom(sbt.plugins.JvmPlugin)))
[debug] Clause(Atom(sbt.plugins.JUnitXmlReportPlugin),Set(Atom(sbt.plugins.JvmPlugin)))
[debug] Clause(Atom(sbt.plugins.MiniDependencyTreePlugin),Set(Atom(sbt.plugins.JvmPlugin)))
[debug] Clause(Atom(sbt.plugins.CorePlugin),Set(Atom(sbt.plugins.IvyPlugin)))
[debug] Clause(Atom(sbt.plugins.IvyPlugin),Set(Atom(sbt.plugins.JvmPlugin)))
[debug] Clause(Atom(sbt.plugins.JvmPlugin),Set(Atom(sbt.plugins.SemanticdbPlugin)))
[debug] Clause(Atom(sbt.plugins.JvmPlugin),Set(Atom(sbt.plugins.JUnitXmlReportPlugin)))
[debug] Clause(Atom(sbt.plugins.CorePlugin),Set(Atom(sbt.plugins.Giter8TemplatePlugin)))
[debug] Clause(Atom(sbt.plugins.JvmPlugin),Set(Atom(sbt.plugins.MiniDependencyTreePlugin))))
[debug]   :: deduced result: Matched(sbt.plugins.CorePlugin,sbt.plugins.Giter8TemplatePlugin,sbt.plugins.IvyPlugin,sbt.plugins.JvmPlugin,sbt.plugins.MiniDependencyTreePlugin,sbt.plugins.JUnitXmlReportPlugin,sbt.plugins.SemanticdbPlugin)
[debug] Plugins.deducer#function took 1.51079 ms
[info] loading settings for project scala from build.sbt ...
[debug]         Load.resolveProject(scala) took 1.832253ms
[debug]       Load.loadTransitive: finalizeProject(Project(id scala, base: /home/mathieuacher/Downloads/testAssoc/scala, plugins: List(<none>))) took 3.757617ms
[debug] [Loading] Done in /home/mathieuacher/Downloads/testAssoc/scala, returning: (scala)
[debug]     Load.loadUnit: loadedProjectsRaw took 76.742572ms
[debug]     Load.loadUnit: cleanEvalClasses took 2.469413ms
[debug]   Load.loadUnit(file:/home/mathieuacher/Downloads/testAssoc/scala/, ...) took 1543.369205ms
[debug] Load.apply: load took 1560.764404ms
[debug] Load.apply: resolveProjects took 0.104179ms
[debug] Load.apply: finalTransforms took 10.445911ms
[debug] Load.apply: config.delegates took 0.394272ms
[debug] Load.apply: Def.make(settings)... took 109.818938ms
[debug] Load.apply: structureIndex took 30.003327ms
[debug] Load.apply: mkStreams took 0.002292ms
[info] set current project to TestAssoc (in build file:/home/mathieuacher/Downloads/testAssoc/scala/)
[debug] > Exec(sbtPopOnFailure, None, None)
[debug] > Exec(resumeFromFailure, None, None)
[debug] > Exec(notifyUsersAboutShell, None, None)
[debug] > Exec(iflast shell, None, None)
[debug] > Exec(shell, None, None)
[info] sbt server started at local:///home/mathieuacher/.sbt/1.0/server/d73716f82ca6e74a8387/sock
[debug] Writing bsp connection file
[info] started sbt server
